<?xml version="1.0" encoding="UTF-8"?>
<testsuite xmlns:xsi="http://www.w3.org/2001/XMLSchema-instance" xsi:noNamespaceSchemaLocation="https://maven.apache.org/surefire/maven-surefire-plugin/xsd/surefire-test-report-3.0.xsd" version="3.0" name="edu.masseyuniversity.cinema.MovieTest" time="0.033" tests="10" errors="0" skipped="0" failures="0">
  <properties>
    <property name="java.specification.version" value="25"/>
    <property name="sun.cpu.isalist" value="amd64"/>
    <property name="sun.jnu.encoding" value="Cp1252"/>
    <property name="java.class.path" value="C:\Users\DELL\Documents\159739-A3-2025-Deepna-Tasfia\159739-A3-2025-Deepna-Tasfia\cinemaapp\target\test-classes;C:\Users\DELL\Documents\159739-A3-2025-Deepna-Tasfia\159739-A3-2025-Deepna-Tasfia\cinemaapp\target\classes;C:\Users\DELL\.m2\repository\org\junit\jupiter\junit-jupiter-api\5.9.3\junit-jupiter-api-5.9.3.jar;C:\Users\DELL\.m2\repository\org\opentest4j\opentest4j\1.2.0\opentest4j-1.2.0.jar;C:\Users\DELL\.m2\repository\org\junit\platform\junit-platform-commons\1.9.3\junit-platform-commons-1.9.3.jar;C:\Users\DELL\.m2\repository\org\apiguardian\apiguardian-api\1.1.2\apiguardian-api-1.1.2.jar;C:\Users\DELL\.m2\repository\org\junit\jupiter\junit-jupiter-engine\5.9.3\junit-jupiter-engine-5.9.3.jar;C:\Users\DELL\.m2\repository\org\junit\platform\junit-platform-engine\1.9.3\junit-platform-engine-1.9.3.jar;"/>
    <property name="java.vm.vendor" value="Eclipse Adoptium"/>
    <property name="sun.arch.data.model" value="64"/>
    <property name="user.variant" value=""/>
    <property name="java.vendor.url" value="https://adoptium.net/"/>
    <property name="user.timezone" value="Pacific/Auckland"/>
    <property name="os.name" value="Windows 11"/>
    <property name="java.vm.specification.version" value="25"/>
    <property name="sun.java.launcher" value="SUN_STANDARD"/>
    <property name="user.country" value="US"/>
    <property name="sun.boot.library.path" value="C:\Program Files\Eclipse Adoptium\jdk-25.0.0.36-hotspot\bin"/>
    <property name="sun.java.command" value="C:\Users\DELL\AppData\Local\Temp\surefire11742441883130342832\surefirebooter-20251017230726480_3.jar C:\Users\DELL\AppData\Local\Temp\surefire11742441883130342832 2025-10-17T23-07-25_428-jvmRun1 surefire-20251017230726480_1tmp surefire_0-20251017230726480_2tmp"/>
    <property name="jdk.debug" value="release"/>
    <property name="surefire.test.class.path" value="C:\Users\DELL\Documents\159739-A3-2025-Deepna-Tasfia\159739-A3-2025-Deepna-Tasfia\cinemaapp\target\test-classes;C:\Users\DELL\Documents\159739-A3-2025-Deepna-Tasfia\159739-A3-2025-Deepna-Tasfia\cinemaapp\target\classes;C:\Users\DELL\.m2\repository\org\junit\jupiter\junit-jupiter-api\5.9.3\junit-jupiter-api-5.9.3.jar;C:\Users\DELL\.m2\repository\org\opentest4j\opentest4j\1.2.0\opentest4j-1.2.0.jar;C:\Users\DELL\.m2\repository\org\junit\platform\junit-platform-commons\1.9.3\junit-platform-commons-1.9.3.jar;C:\Users\DELL\.m2\repository\org\apiguardian\apiguardian-api\1.1.2\apiguardian-api-1.1.2.jar;C:\Users\DELL\.m2\repository\org\junit\jupiter\junit-jupiter-engine\5.9.3\junit-jupiter-engine-5.9.3.jar;C:\Users\DELL\.m2\repository\org\junit\platform\junit-platform-engine\1.9.3\junit-platform-engine-1.9.3.jar;"/>
    <property name="sun.cpu.endian" value="little"/>
    <property name="user.home" value="C:\Users\DELL"/>
    <property name="user.language" value="en"/>
    <property name="java.specification.vendor" value="Oracle Corporation"/>
    <property name="java.version.date" value="2025-09-16"/>
    <property name="java.home" value="C:\Program Files\Eclipse Adoptium\jdk-25.0.0.36-hotspot"/>
    <property name="file.separator" value="\"/>
    <property name="basedir" value="C:\Users\DELL\Documents\159739-A3-2025-Deepna-Tasfia\159739-A3-2025-Deepna-Tasfia\cinemaapp"/>
    <property name="java.vm.compressedOopsMode" value="32-bit"/>
    <property name="line.separator" value="&#10;"/>
    <property name="java.vm.specification.vendor" value="Oracle Corporation"/>
    <property name="java.specification.name" value="Java Platform API Specification"/>
    <property name="surefire.real.class.path" value="C:\Users\DELL\AppData\Local\Temp\surefire11742441883130342832\surefirebooter-20251017230726480_3.jar"/>
    <property name="user.script" value=""/>
    <property name="sun.management.compiler" value="HotSpot 64-Bit Tiered Compilers"/>
    <property name="java.runtime.version" value="25+36-LTS"/>
    <property name="user.name" value="DELL"/>
    <property name="stdout.encoding" value="Cp1252"/>
    <property name="path.separator" value=";"/>
    <property name="os.version" value="10.0"/>
    <property name="java.runtime.name" value="OpenJDK Runtime Environment"/>
    <property name="file.encoding" value="UTF-8"/>
    <property name="java.vm.name" value="OpenJDK 64-Bit Server VM"/>
    <property name="java.vendor.version" value="Temurin-25+36"/>
    <property name="localRepository" value="C:\Users\DELL\.m2\repository"/>
    <property name="java.vendor.url.bug" value="https://github.com/adoptium/adoptium-support/issues"/>
    <property name="java.io.tmpdir" value="C:\Users\DELL\AppData\Local\Temp\"/>
    <property name="java.version" value="25"/>
    <property name="user.dir" value="C:\Users\DELL\Documents\159739-A3-2025-Deepna-Tasfia\159739-A3-2025-Deepna-Tasfia\cinemaapp"/>
    <property name="os.arch" value="amd64"/>
    <property name="java.vm.specification.name" value="Java Virtual Machine Specification"/>
    <property name="sun.os.patch.level" value=""/>
    <property name="native.encoding" value="Cp1252"/>
    <property name="java.library.path" value="C:\Program Files\Eclipse Adoptium\jdk-25.0.0.36-hotspot\bin;C:\WINDOWS\Sun\Java\bin;C:\WINDOWS\system32;C:\WINDOWS;C:\Program Files\MAVEN_HOME;C:\Windows\system32;C:\Windows;C:\Windows\System32\Wbem;C:\Windows\System32\WindowsPowerShell\v1.0\;C:\Windows\System32\OpenSSH\;C:\Program Files\dotnet\;C:\Program Files\NVIDIA Corporation\NVIDIA NvDLISR;C:\WINDOWS\system32;C:\WINDOWS;C:\WINDOWS\System32\Wbem;C:\WINDOWS\System32\WindowsPowerShell\v1.0\;C:\WINDOWS\System32\OpenSSH\;C:\Program Files\Git\cmd;C:\Users\DELL\Downloads\apache-maven-3.9.11-bin\apache-maven-3.9.11\bin;C:\Users\DELL\AppData\Local\Programs\Microsoft VS Code\bin;."/>
    <property name="java.vm.info" value="mixed mode, sharing"/>
    <property name="stderr.encoding" value="Cp1252"/>
    <property name="java.vendor" value="Eclipse Adoptium"/>
    <property name="java.vm.version" value="25+36-LTS"/>
    <property name="stdin.encoding" value="Cp1252"/>
    <property name="sun.io.unicode.encoding" value="UnicodeLittle"/>
    <property name="java.class.version" value="69.0"/>
  </properties>
  <testcase name="testMovieCategory" classname="edu.masseyuniversity.cinema.MovieTest" time="0.001"/>
  <testcase name="testRomanceMovieAgeRestriction" classname="edu.masseyuniversity.cinema.MovieTest" time="0.002"/>
  <testcase name="testSellTicket" classname="edu.masseyuniversity.cinema.MovieTest" time="0.001"/>
  <testcase name="testSciFiMovieFormat" classname="edu.masseyuniversity.cinema.MovieTest" time="0.001"/>
  <testcase name="testMovieCreation" classname="edu.masseyuniversity.cinema.MovieTest" time="0.001"/>
  <testcase name="testToFileString" classname="edu.masseyuniversity.cinema.MovieTest" time="0.002"/>
  <testcase name="testActionMovieStuntLevel" classname="edu.masseyuniversity.cinema.MovieTest" time="0.001"/>
  <testcase name="testMovieSetters" classname="edu.masseyuniversity.cinema.MovieTest" time="0.002"/>
  <testcase name="testExtraAttribute" classname="edu.masseyuniversity.cinema.MovieTest" time="0.001"/>
  <testcase name="testSellTicketWhenNoneAvailable" classname="edu.masseyuniversity.cinema.MovieTest" time="0.001"/>
</testsuite>